c:\users\nursi\onedrive\desktop\nvr_client_app\nvr_client_app\ps-api_116002_dll-sample\dll-sample\sample program\ps-api\visual c++ 2012\001_playlive\debug\simplesample_live.bsc
c:\users\nursi\onedrive\desktop\nvr_client_app\nvr_client_app\ps-api_116002_dll-sample\dll-sample\sample program\ps-api\visual c++ 2012\001_playlive\debug\simplesample_live.pch
c:\users\nursi\onedrive\desktop\nvr_client_app\nvr_client_app\ps-api_116002_dll-sample\dll-sample\sample program\ps-api\visual c++ 2012\001_playlive\debug\vc145.pdb
c:\users\nursi\onedrive\desktop\nvr_client_app\nvr_client_app\ps-api_116002_dll-sample\dll-sample\sample program\ps-api\visual c++ 2012\001_playlive\debug\vc145.idb
c:\users\nursi\onedrive\desktop\nvr_client_app\nvr_client_app\ps-api_116002_dll-sample\dll-sample\sample program\ps-api\visual c++ 2012\001_playlive\debug\stdafx.sbr
c:\users\nursi\onedrive\desktop\nvr_client_app\nvr_client_app\ps-api_116002_dll-sample\dll-sample\sample program\ps-api\visual c++ 2012\001_playlive\debug\stdafx.obj
c:\users\nursi\onedrive\desktop\nvr_client_app\nvr_client_app\ps-api_116002_dll-sample\dll-sample\sample program\ps-api\visual c++ 2012\001_playlive\debug\simplesample_livedlg.sbr
c:\users\nursi\onedrive\desktop\nvr_client_app\nvr_client_app\ps-api_116002_dll-sample\dll-sample\sample program\ps-api\visual c++ 2012\001_playlive\debug\simplesample_live.sbr
c:\users\nursi\onedrive\desktop\nvr_client_app\nvr_client_app\ps-api_116002_dll-sample\dll-sample\sample program\ps-api\visual c++ 2012\001_playlive\debug\samplecb.sbr
c:\users\nursi\onedrive\desktop\nvr_client_app\nvr_client_app\ps-api_116002_dll-sample\dll-sample\sample program\ps-api\visual c++ 2012\001_playlive\debug\logdlg.sbr
c:\users\nursi\onedrive\desktop\nvr_client_app\nvr_client_app\ps-api_116002_dll-sample\dll-sample\sample program\ps-api\visual c++ 2012\001_playlive\debug\logdlg.obj
c:\users\nursi\onedrive\desktop\nvr_client_app\nvr_client_app\ps-api_116002_dll-sample\dll-sample\sample program\ps-api\visual c++ 2012\001_playlive\debug\samplecb.obj
c:\users\nursi\onedrive\desktop\nvr_client_app\nvr_client_app\ps-api_116002_dll-sample\dll-sample\sample program\ps-api\visual c++ 2012\001_playlive\debug\simplesample_live.obj
c:\users\nursi\onedrive\desktop\nvr_client_app\nvr_client_app\ps-api_116002_dll-sample\dll-sample\sample program\ps-api\visual c++ 2012\001_playlive\debug\simplesample_livedlg.obj
c:\users\nursi\onedrive\desktop\nvr_client_app\nvr_client_app\ps-api_116002_dll-sample\dll-sample\sample program\ps-api\visual c++ 2012\001_playlive\debug\simplesample_live.exe
c:\users\nursi\onedrive\desktop\nvr_client_app\nvr_client_app\ps-api_116002_dll-sample\dll-sample\sample program\ps-api\visual c++ 2012\001_playlive\debug\simplesample_live.pdb
c:\users\nursi\onedrive\desktop\nvr_client_app\nvr_client_app\ps-api_116002_dll-sample\dll-sample\sample program\ps-api\visual c++ 2012\001_playlive\debug\simplesample_live.res
c:\users\nursi\onedrive\desktop\nvr_client_app\nvr_client_app\ps-api_116002_dll-sample\dll-sample\sample program\ps-api\visual c++ 2012\001_playlive\debug\simplesample_live.ilk
c:\users\nursi\onedrive\desktop\nvr_client_app\nvr_client_app\ps-api_116002_dll-sample\dll-sample\sample program\ps-api\visual c++ 2012\001_playlive\debug\simplesa.2cf9350d.tlog\bscmake.command.1.tlog
c:\users\nursi\onedrive\desktop\nvr_client_app\nvr_client_app\ps-api_116002_dll-sample\dll-sample\sample program\ps-api\visual c++ 2012\001_playlive\debug\simplesa.2cf9350d.tlog\bscmake.read.1.tlog
c:\users\nursi\onedrive\desktop\nvr_client_app\nvr_client_app\ps-api_116002_dll-sample\dll-sample\sample program\ps-api\visual c++ 2012\001_playlive\debug\simplesa.2cf9350d.tlog\bscmake.write.1.tlog
c:\users\nursi\onedrive\desktop\nvr_client_app\nvr_client_app\ps-api_116002_dll-sample\dll-sample\sample program\ps-api\visual c++ 2012\001_playlive\debug\simplesa.2cf9350d.tlog\cl.command.1.tlog
c:\users\nursi\onedrive\desktop\nvr_client_app\nvr_client_app\ps-api_116002_dll-sample\dll-sample\sample program\ps-api\visual c++ 2012\001_playlive\debug\simplesa.2cf9350d.tlog\cl.items.tlog
c:\users\nursi\onedrive\desktop\nvr_client_app\nvr_client_app\ps-api_116002_dll-sample\dll-sample\sample program\ps-api\visual c++ 2012\001_playlive\debug\simplesa.2cf9350d.tlog\cl.read.1.tlog
c:\users\nursi\onedrive\desktop\nvr_client_app\nvr_client_app\ps-api_116002_dll-sample\dll-sample\sample program\ps-api\visual c++ 2012\001_playlive\debug\simplesa.2cf9350d.tlog\cl.write.1.tlog
c:\users\nursi\onedrive\desktop\nvr_client_app\nvr_client_app\ps-api_116002_dll-sample\dll-sample\sample program\ps-api\visual c++ 2012\001_playlive\debug\simplesa.2cf9350d.tlog\link.command.1.tlog
c:\users\nursi\onedrive\desktop\nvr_client_app\nvr_client_app\ps-api_116002_dll-sample\dll-sample\sample program\ps-api\visual c++ 2012\001_playlive\debug\simplesa.2cf9350d.tlog\link.read.1.tlog
c:\users\nursi\onedrive\desktop\nvr_client_app\nvr_client_app\ps-api_116002_dll-sample\dll-sample\sample program\ps-api\visual c++ 2012\001_playlive\debug\simplesa.2cf9350d.tlog\link.secondary.1.tlog
c:\users\nursi\onedrive\desktop\nvr_client_app\nvr_client_app\ps-api_116002_dll-sample\dll-sample\sample program\ps-api\visual c++ 2012\001_playlive\debug\simplesa.2cf9350d.tlog\link.write.1.tlog
c:\users\nursi\onedrive\desktop\nvr_client_app\nvr_client_app\ps-api_116002_dll-sample\dll-sample\sample program\ps-api\visual c++ 2012\001_playlive\debug\simplesa.2cf9350d.tlog\rc.command.1.tlog
c:\users\nursi\onedrive\desktop\nvr_client_app\nvr_client_app\ps-api_116002_dll-sample\dll-sample\sample program\ps-api\visual c++ 2012\001_playlive\debug\simplesa.2cf9350d.tlog\rc.read.1.tlog
c:\users\nursi\onedrive\desktop\nvr_client_app\nvr_client_app\ps-api_116002_dll-sample\dll-sample\sample program\ps-api\visual c++ 2012\001_playlive\debug\simplesa.2cf9350d.tlog\rc.write.1.tlog
